<?xml version="1.0" encoding="UTF-8"?>
<Site BuildName="(empty)"
	BuildStamp="20230910-0405-Experimental"
	Name="minhtricao-G7-7588"
	Generator="ctest-3.27.4"
	CompilerName="/usr/bin/c++"
	CompilerVersion="9.4.0"
	OSName="Linux"
	Hostname="minhtricao-G7-7588"
	OSRelease="5.15.0-83-generic"
	OSVersion="#92~20.04.1-Ubuntu SMP Mon Aug 21 14:00:49 UTC 2023"
	OSPlatform="x86_64"
	Is64Bits="1"
	VendorString="GenuineIntel"
	VendorID="Intel Corporation"
	FamilyID="6"
	ModelID="158"
	ProcessorCacheSize="9216"
	NumberOfLogicalCPU="12"
	NumberOfPhysicalCPU="6"
	TotalVirtualMemory="15258"
	TotalPhysicalMemory="15673"
	LogicalProcessorsPerPhysical="2"
	ProcessorClockFrequency="2200"
	>
	<Testing>
		<StartDateTime>Sep 10 14:05 AEST</StartDateTime>
		<StartTestTime>1694318755</StartTestTime>
		<TestList/>
		<EndDateTime>Sep 10 14:05 AEST</EndDateTime>
		<EndTestTime>1694318755</EndTestTime>
		<ElapsedMinutes>0</ElapsedMinutes>
	</Testing>
</Site>
